0 info it worked if it ends with ok
1 verbose cli [ '/home/tuomas/.nvm/versions/node/v5.2.0/bin/node',
1 verbose cli   '/home/tuomas/.nvm/versions/node/v5.2.0/bin/npm',
1 verbose cli   'i',
1 verbose cli   '../' ]
2 info using npm@3.5.2
3 info using node@v5.2.0
4 silly loadCurrentTree Starting
5 silly install loadCurrentTree
6 silly install readLocalPackageData
7 silly fetchPackageMetaData ../
8 silly fetchOtherPackageData ../
9 silly cache add args [ '../', null ]
10 verbose cache add spec ../
11 silly cache add parsed spec Result {
11 silly cache add   raw: '../',
11 silly cache add   scope: null,
11 silly cache add   name: null,
11 silly cache add   rawSpec: '../',
11 silly cache add   spec: '/home/tuomas/projektit',
11 silly cache add   type: 'local' }
12 error addLocal Could not install /home/tuomas/projektit
13 silly fetchPackageMetaData Error: EISDIR: illegal operation on a directory, read
13 silly fetchPackageMetaData     at Error (native)
13 silly fetchPackageMetaData  error for ../ { [Error: EISDIR: illegal operation on a directory, read] errno: -21, code: 'EISDIR', syscall: 'read' }
14 silly rollbackFailedOptional Starting
15 silly rollbackFailedOptional Finishing
16 silly runTopLevelLifecycles Starting
17 silly runTopLevelLifecycles Finishing
18 silly install printInstalled
19 verbose stack Error: EISDIR: illegal operation on a directory, read
19 verbose stack     at Error (native)
20 verbose cwd /home/tuomas/projektit/switchboard
21 error Linux 3.13.0-37-generic
22 error argv "/home/tuomas/.nvm/versions/node/v5.2.0/bin/node" "/home/tuomas/.nvm/versions/node/v5.2.0/bin/npm" "i" "../"
23 error node v5.2.0
24 error npm  v3.5.2
25 error code EISDIR
26 error errno -21
27 error syscall read
28 error eisdir EISDIR: illegal operation on a directory, read
29 error eisdir This is most likely not a problem with npm itself
29 error eisdir and is related to npm not being able to find a package.json in
29 error eisdir a package you are trying to install.
30 verbose exit [ -21, true ]
